[PMAC_HARDWARE]
Gate1AutoDetect=0x0
Gate2AutoDetect=0x0
Gate3AutoDetect=0x3
CardIOAutoDetect=0x3
CardDPRAutoDetect=0x0
[PMAC_CONFIG]
// *** EOF 
Successful Configuration using "/var/ftp/usrflash/Project/Configuration/pp_save.cfg"
// *** EOF 
Successful Custom Configuration using "/var/ftp/usrflash/Project/Configuration/pp_custom_save.cfg"
[PMAC_PROJECT]
Start of Project Loading using INI File: "/var/ftp/usrflash/Project/Configuration/pp_proj.ini"
Including Project File: /var/ftp/usrflash/Project/Configuration/pp_disable.txt 
Including Project File: /var/ftp/usrflash/Project/PMAC Script Language/Global Includes/global_definitions.pmh 
Including Project File: /var/ftp/usrflash/Project/PMAC Script Language/Global Includes/motor1-shutter-rot.pmh 
Including Project File: /var/ftp/usrflash/Project/PMAC Script Language/Global Includes/motor2-shutter-x.pmh 
Including Project File: /var/ftp/usrflash/Project/PMAC Script Language/Global Includes/motor3-pin-y.pmh 
Including Project File: /var/ftp/usrflash/Project/PMAC Script Language/Global Includes/motor4-pin-z.pmh 
Including Project File: /var/ftp/usrflash/Project/PMAC Script Language/Global Includes/motor5-stack-x-mult-box.pmh 
Including Project File: /var/ftp/usrflash/Project/PMAC Script Language/Global Includes/motor5-stack-x.pmh 
Including Project File: /var/ftp/usrflash/Project/PMAC Script Language/Global Includes/motor6-stack-y.pmh 
Including Project File: /var/ftp/usrflash/Project/PMAC Script Language/Global Includes/motor7-stack-z.pmh 
Including Project File: /var/ftp/usrflash/Project/PMAC Script Language/Global Includes/motor8-spindle.pmh 
Including Project File: /var/ftp/usrflash/Project/PMAC Script Language/Libraries/home_fe.pmc 
Including Project File: /var/ftp/usrflash/Project/PMAC Script Language/Libraries/pos_comp.pmc 
Including Project File: /var/ftp/usrflash/Project/PMAC Script Language/Libraries/timer.pmc 
Including Project File: /var/ftp/usrflash/Project/PMAC Script Language/Motion Programs/simplevec.pmc 
Including Project File: /var/ftp/usrflash/Project/PMAC Script Language/Motion Programs/testvec.pmc 
Including Project File: /var/ftp/usrflash/Project/PMAC Script Language/Motion Programs/vec.pmc 
Including Project File: /var/ftp/usrflash/Project/PMAC Script Language/PLC Programs/01-poweronreset.plc 
Including Project File: /var/ftp/usrflash/Project/PMAC Script Language/PLC Programs/02-vec.plc 
Including Project File: /var/ftp/usrflash/Project/PMAC Script Language/PLC Programs/03-testvec.plc 
Including Project File: /var/ftp/usrflash/Project/PMAC Script Language/PLC Programs/07-kill-idle.plc 
Including Project File: /var/ftp/usrflash/Project/PMAC Script Language/PLC Programs/08-home_shutter.plc 
Including Project File: /var/ftp/usrflash/Project/PMAC Script Language/PLC Programs/13-home_sy.plc 
Including Project File: /var/ftp/usrflash/Project/PMAC Script Language/PLC Programs/99-sine_enc_offsets.plc 
Including Project File: /var/ftp/usrflash/Project/Configuration/pp_startup.txt 
184 Project Symbols were created for gpascii -2 communication
/var/ftp/usrflash/Project/PMAC Script Language/Libraries/pos_comp.pmc:10:1: warning: "Enc8PhaseCapt" redefined
/var/ftp/usrflash/Project/PMAC Script Language/Global Includes/global_definitions.pmh:68:1: warning: this is the location of the previous definition
/var/ftp/usrflash/Project/PMAC Script Language/Libraries/pos_comp.pmc:11:1: warning: "ForceEqu8Off" redefined
/var/ftp/usrflash/Project/PMAC Script Language/Global Includes/global_definitions.pmh:69:1: warning: this is the location of the previous definition
Status: Successful load of preprocessed File: "/var/ftp/usrflash/Temp/pp_proj.pma"
No Linux Program to run: /var/ftp/usrflash/Project/C Language/Background Programs/capp1.out 
[PMAC_PROJECT]
Start of Project Loading using INI File: "/var/ftp/usrflash/Project/Configuration/pp_proj.ini"
Success: Loading usralgo.ko
Warning: Loading RT Address of CfromScript
Warning: Loading RT Address of CaptCompISR
LoadRTUserCode() Delta Time (sec) = 0.753331
Including Project File: /var/ftp/usrflash/Project/Configuration/pp_disable.txt 
Including Project File: /var/ftp/usrflash/Project/PMAC Script Language/Global Includes/global_definitions.pmh 
Including Project File: /var/ftp/usrflash/Project/PMAC Script Language/Global Includes/motor1-shutter-rot.pmh 
Including Project File: /var/ftp/usrflash/Project/PMAC Script Language/Global Includes/motor2-shutter-x.pmh 
Including Project File: /var/ftp/usrflash/Project/PMAC Script Language/Global Includes/motor3-pin-y.pmh 
Including Project File: /var/ftp/usrflash/Project/PMAC Script Language/Global Includes/motor4-pin-z.pmh 
Including Project File: /var/ftp/usrflash/Project/PMAC Script Language/Global Includes/motor5-stack-x-mult-box.pmh 
Including Project File: /var/ftp/usrflash/Project/PMAC Script Language/Global Includes/motor5-stack-x.pmh 
Including Project File: /var/ftp/usrflash/Project/PMAC Script Language/Global Includes/motor6-stack-y.pmh 
Including Project File: /var/ftp/usrflash/Project/PMAC Script Language/Global Includes/motor7-stack-z.pmh 
Including Project File: /var/ftp/usrflash/Project/PMAC Script Language/Global Includes/motor8-spindle.pmh 
Including Project File: /var/ftp/usrflash/Project/PMAC Script Language/Libraries/calc_vec_vars.pmc 
Including Project File: /var/ftp/usrflash/Project/PMAC Script Language/Libraries/pos_comp.pmc 
Including Project File: /var/ftp/usrflash/Project/PMAC Script Language/Libraries/sync_vec_pos.pmc 
Including Project File: /var/ftp/usrflash/Project/PMAC Script Language/Libraries/timer.pmc 
Including Project File: /var/ftp/usrflash/Project/PMAC Script Language/Motion Programs/vec.pmc 
Including Project File: /var/ftp/usrflash/Project/PMAC Script Language/PLC Programs/01-poweronreset.plc 
Including Project File: /var/ftp/usrflash/Project/PMAC Script Language/PLC Programs/02-vec.plc 
Including Project File: /var/ftp/usrflash/Project/PMAC Script Language/PLC Programs/03-home_gonio.plc 
Including Project File: /var/ftp/usrflash/Project/PMAC Script Language/PLC Programs/07-kill-idle.plc 
Including Project File: /var/ftp/usrflash/Project/PMAC Script Language/PLC Programs/08-home_shutter.plc 
Including Project File: /var/ftp/usrflash/Project/PMAC Script Language/PLC Programs/13-home_sy.plc 
Including Project File: /var/ftp/usrflash/Project/PMAC Script Language/PLC Programs/99-sine_enc_offsets.plc 
Including Project File: /var/ftp/usrflash/Project/Configuration/pp_startup.txt 
Status: Pass 1 Create debug file, #defines, *.h & .sym files, Time (sec) = 0.082640
Status: Pass 2 Verify prog calls, local stack & labels, Time (sec)  = 0.009688
141 Project Symbols were created for gpascii -2 communication
Status: Create PPMAC Symbol Table & Run CPP Time (sec) = 0.246691
Status: Successful load of preprocessed File: "/var/ftp/usrflash/Temp/pp_proj.pma"
Status: Download to PPMAC Command Processor, Time (sec) = 0.012205
Status: Final pp_proj.h & Run Background C Apps, Time (sec) = 0.630981
Project Preprocessing & Load Total Time (sec) = 1.736179
