[PMAC_HARDWARE]
Gate1AutoDetect=0x0
Gate2AutoDetect=0x0
Gate3AutoDetect=0x3
CardIOAutoDetect=0x3
CardDPRAutoDetect=0x0
[PMAC_CONFIG]
Loading PMAC Defaults ($$$***) Configuration
[PMAC_PROJECT]
Start of Project Loading using INI File: "/var/ftp/usrflash/Project/Configuration/pp_proj.ini"
0 Project Symbols were created for gpascii -2 communication
[PMAC_CONFIG]
Successful: SaveConfiguration using /var/ftp/usrflash/Project/Configuration/pp_save.cfg
Successful: SaveCustomConfiguration using /var/ftp/usrflash/Project/Configuration/pp_custom_save.tpl
Success in loading usralgo.ko
LoadRTUserCode() Delta Time (sec) = 0.533032
[PMAC_PROJECT]
Start of Project Loading using INI File: "/var/ftp/usrflash/Project/Configuration/pp_proj.ini"
Including Project File: /var/ftp/usrflash/Project/Configuration/pp_disable.txt 
Including Project File: /var/ftp/usrflash/Project/PMAC Script Language/Global Includes/global_definitions.pmh 
Including Project File: /var/ftp/usrflash/Project/PMAC Script Language/Global Includes/motor1-spindle.pmh 
Including Project File: /var/ftp/usrflash/Project/PMAC Script Language/Global Includes/motor2-shutter-x.pmh 
Including Project File: /var/ftp/usrflash/Project/PMAC Script Language/Global Includes/motor3-pin-y.pmh 
Including Project File: /var/ftp/usrflash/Project/PMAC Script Language/Global Includes/motor4-pin-z.pmh 
Including Project File: /var/ftp/usrflash/Project/PMAC Script Language/Global Includes/motor5-stack-x.pmh 
Including Project File: /var/ftp/usrflash/Project/PMAC Script Language/Global Includes/motor6-stack-y.pmh 
Including Project File: /var/ftp/usrflash/Project/PMAC Script Language/Global Includes/motor7-stack-z.pmh 
Including Project File: /var/ftp/usrflash/Project/PMAC Script Language/Global Includes/motor8-shutter-rot.pmh 
Including Project File: /var/ftp/usrflash/Project/PMAC Script Language/Libraries/home_fe.pmc 
Including Project File: /var/ftp/usrflash/Project/PMAC Script Language/Libraries/timer.pmc 
Including Project File: /var/ftp/usrflash/Project/PMAC Script Language/Motion Programs/osc.pmc 
Including Project File: /var/ftp/usrflash/Project/PMAC Script Language/Motion Programs/vector.pmc 
Including Project File: /var/ftp/usrflash/Project/PMAC Script Language/PLC Programs/plc8.plc 
Including Project File: /var/ftp/usrflash/Project/Configuration/pp_startup.txt 
Status: Pass 1 Create debug file, #defines, *.h & .sym files, Time (sec) = 0.041618
Status: Pass 2 Verify prog calls, local stack & labels, Time (sec)  = 0.004223
139 Project Symbols were created for gpascii -2 communication
/var/ftp/usrflash/Project/PMAC Script Language/Global Includes/motor2-shutter-x.pmh:5:1: warning: "MOTOR" redefined
/var/ftp/usrflash/Project/PMAC Script Language/Global Includes/motor1-spindle.pmh:4:1: warning: this is the location of the previous definition
/var/ftp/usrflash/Project/PMAC Script Language/Global Includes/motor2-shutter-x.pmh:6:1: warning: "ENCODER" redefined
/var/ftp/usrflash/Project/PMAC Script Language/Global Includes/motor1-spindle.pmh:5:1: warning: this is the location of the previous definition
/var/ftp/usrflash/Project/PMAC Script Language/Global Includes/motor2-shutter-x.pmh:8:1: warning: "CHANNEL" redefined
/var/ftp/usrflash/Project/PMAC Script Language/Global Includes/motor1-spindle.pmh:7:1: warning: this is the location of the previous definition
/var/ftp/usrflash/Project/PMAC Script Language/Global Includes/motor2-shutter-x.pmh:9:1: warning: "LVCHANNEL" redefined
/var/ftp/usrflash/Project/PMAC Script Language/Global Includes/motor1-spindle.pmh:8:1: warning: this is the location of the previous definition
/var/ftp/usrflash/Project/PMAC Script Language/Global Includes/motor2-shutter-x.pmh:13:1: warning: "MAX_SPEED" redefined
/var/ftp/usrflash/Project/PMAC Script Language/Global Includes/motor1-spindle.pmh:22:1: warning: this is the location of the previous definition
/var/ftp/usrflash/Project/PMAC Script Language/Global Includes/motor3-pin-y.pmh:5:1: warning: "MOTOR" redefined
/var/ftp/usrflash/Project/PMAC Script Language/Global Includes/motor2-shutter-x.pmh:5:1: warning: this is the location of the previous definition
/var/ftp/usrflash/Project/PMAC Script Language/Global Includes/motor3-pin-y.pmh:6:1: warning: "ENCODER" redefined
/var/ftp/usrflash/Project/PMAC Script Language/Global Includes/motor2-shutter-x.pmh:6:1: warning: this is the location of the previous definition
/var/ftp/usrflash/Project/PMAC Script Language/Global Includes/motor3-pin-y.pmh:8:1: warning: "CHANNEL" redefined
/var/ftp/usrflash/Project/PMAC Script Language/Global Includes/motor2-shutter-x.pmh:8:1: warning: this is the location of the previous definition
/var/ftp/usrflash/Project/PMAC Script Language/Global Includes/motor3-pin-y.pmh:9:1: warning: "LVCHANNEL" redefined
/var/ftp/usrflash/Project/PMAC Script Language/Global Includes/motor2-shutter-x.pmh:9:1: warning: this is the location of the previous definition
/var/ftp/usrflash/Project/PMAC Script Language/Global Includes/motor4-pin-z.pmh:5:1: warning: "MOTOR" redefined
/var/ftp/usrflash/Project/PMAC Script Language/Global Includes/motor3-pin-y.pmh:5:1: warning: this is the location of the previous definition
/var/ftp/usrflash/Project/PMAC Script Language/Global Includes/motor4-pin-z.pmh:6:1: warning: "ENCODER" redefined
/var/ftp/usrflash/Project/PMAC Script Language/Global Includes/motor3-pin-y.pmh:6:1: warning: this is the location of the previous definition
/var/ftp/usrflash/Project/PMAC Script Language/Global Includes/motor4-pin-z.pmh:8:1: warning: "CHANNEL" redefined
/var/ftp/usrflash/Project/PMAC Script Language/Global Includes/motor3-pin-y.pmh:8:1: warning: this is the location of the previous definition
/var/ftp/usrflash/Project/PMAC Script Language/Global Includes/motor4-pin-z.pmh:9:1: warning: "LVCHANNEL" redefined
/var/ftp/usrflash/Project/PMAC Script Language/Global Includes/motor3-pin-y.pmh:9:1: warning: this is the location of the previous definition
/var/ftp/usrflash/Project/PMAC Script Language/Global Includes/motor5-stack-x.pmh:14:1: warning: "MOTOR" redefined
/var/ftp/usrflash/Project/PMAC Script Language/Global Includes/motor4-pin-z.pmh:5:1: warning: this is the location of the previous definition
/var/ftp/usrflash/Project/PMAC Script Language/Global Includes/motor5-stack-x.pmh:15:1: warning: "ENCODER" redefined
/var/ftp/usrflash/Project/PMAC Script Language/Global Includes/motor4-pin-z.pmh:6:1: warning: this is the location of the previous definition
/var/ftp/usrflash/Project/PMAC Script Language/Global Includes/motor5-stack-x.pmh:16:1: warning: "GATE" redefined
/var/ftp/usrflash/Project/PMAC Script Language/Global Includes/motor4-pin-z.pmh:7:1: warning: this is the location of the previous definition
/var/ftp/usrflash/Project/PMAC Script Language/Global Includes/motor5-stack-x.pmh:17:1: warning: "CHANNEL" redefined
/var/ftp/usrflash/Project/PMAC Script Language/Global Includes/motor4-pin-z.pmh:8:1: warning: this is the location of the previous definition
/var/ftp/usrflash/Project/PMAC Script Language/Global Includes/motor5-stack-x.pmh:18:1: warning: "LVCHANNEL" redefined
/var/ftp/usrflash/Project/PMAC Script Language/Global Includes/motor4-pin-z.pmh:9:1: warning: this is the location of the previous definition
/var/ftp/usrflash/Project/PMAC Script Language/Global Includes/motor5-stack-x.pmh:25:1: warning: "PEAK_CURR" redefined
/var/ftp/usrflash/Project/PMAC Script Language/Global Includes/motor1-spindle.pmh:13:1: warning: this is the location of the previous definition
/var/ftp/usrflash/Project/PMAC Script Language/Global Includes/motor5-stack-x.pmh:26:1: warning: "CONT_CURR" redefined
/var/ftp/usrflash/Project/PMAC Script Language/Global Includes/motor1-spindle.pmh:14:1: warning: this is the location of the previous definition
/var/ftp/usrflash/Project/PMAC Script Language/Global Includes/motor5-stack-x.pmh:28:1: warning: "CTS_PER_UNIT" redefined
/var/ftp/usrflash/Project/PMAC Script Language/Global Includes/motor1-spindle.pmh:17:1: warning: this is the location of the previous definition
/var/ftp/usrflash/Project/PMAC Script Language/Global Includes/motor5-stack-x.pmh:30:1: warning: "MAX_SPEED" redefined
/var/ftp/usrflash/Project/PMAC Script Language/Global Includes/motor4-pin-z.pmh:13:1: warning: this is the location of the previous definition
/var/ftp/usrflash/Project/PMAC Script Language/Global Includes/motor5-stack-x.pmh:31:1: warning: "JOG_SPEED" redefined
/var/ftp/usrflash/Project/PMAC Script Language/Global Includes/motor1-spindle.pmh:23:1: warning: this is the location of the previous definition
/var/ftp/usrflash/Project/PMAC Script Language/Global Includes/motor5-stack-x.pmh:33:1: warning: "MAX_ACCEL" redefined
/var/ftp/usrflash/Project/PMAC Script Language/Global Includes/motor1-spindle.pmh:24:1: warning: this is the location of the previous definition
/var/ftp/usrflash/Project/PMAC Script Language/Global Includes/motor5-stack-x.pmh:35:1: warning: "PHASING_TIME" redefined
/var/ftp/usrflash/Project/PMAC Script Language/Global Includes/motor1-spindle.pmh:18:1: warning: this is the location of the previous definition
/var/ftp/usrflash/Project/PMAC Script Language/Global Includes/motor6-stack-y.pmh:14:1: warning: "MOTOR" redefined
/var/ftp/usrflash/Project/PMAC Script Language/Global Includes/motor5-stack-x.pmh:14:1: warning: this is the location of the previous definition
/var/ftp/usrflash/Project/PMAC Script Language/Global Includes/motor6-stack-y.pmh:15:1: warning: "ENCODER" redefined
/var/ftp/usrflash/Project/PMAC Script Language/Global Includes/motor5-stack-x.pmh:15:1: warning: this is the location of the previous definition
/var/ftp/usrflash/Project/PMAC Script Language/Global Includes/motor6-stack-y.pmh:17:1: warning: "CHANNEL" redefined
/var/ftp/usrflash/Project/PMAC Script Language/Global Includes/motor5-stack-x.pmh:17:1: warning: this is the location of the previous definition
/var/ftp/usrflash/Project/PMAC Script Language/Global Includes/motor6-stack-y.pmh:18:1: warning: "LVCHANNEL" redefined
/var/ftp/usrflash/Project/PMAC Script Language/Global Includes/motor5-stack-x.pmh:18:1: warning: this is the location of the previous definition
/var/ftp/usrflash/Project/PMAC Script Language/Global Includes/motor6-stack-y.pmh:24:1: warning: "PEAK_CURR" redefined
/var/ftp/usrflash/Project/PMAC Script Language/Global Includes/motor5-stack-x.pmh:25:1: warning: this is the location of the previous definition
/var/ftp/usrflash/Project/PMAC Script Language/Global Includes/motor6-stack-y.pmh:25:1: warning: "CONT_CURR" redefined
/var/ftp/usrflash/Project/PMAC Script Language/Global Includes/motor5-stack-x.pmh:26:1: warning: this is the location of the previous definition
/var/ftp/usrflash/Project/PMAC Script Language/Global Includes/motor6-stack-y.pmh:27:1: warning: "CTS_PER_REV" redefined
/var/ftp/usrflash/Project/PMAC Script Language/Global Includes/motor1-spindle.pmh:16:1: warning: this is the location of the previous definition
/var/ftp/usrflash/Project/PMAC Script Language/Global Includes/motor6-stack-y.pmh:28:1: warning: "CTS_PER_UNIT" redefined
/var/ftp/usrflash/Project/PMAC Script Language/Global Includes/motor5-stack-x.pmh:28:1: warning: this is the location of the previous definition
/var/ftp/usrflash/Project/PMAC Script Language/Global Includes/motor6-stack-y.pmh:32:1: warning: "HOME_SPEED" redefined
/var/ftp/usrflash/Project/PMAC Script Language/Global Includes/motor5-stack-x.pmh:32:1: warning: this is the location of the previous definition
/var/ftp/usrflash/Project/PMAC Script Language/Global Includes/motor6-stack-y.pmh:35:1: warning: "PHASING_TIME" redefined
/var/ftp/usrflash/Project/PMAC Script Language/Global Includes/motor5-stack-x.pmh:35:1: warning: this is the location of the previous definition
/var/ftp/usrflash/Project/PMAC Script Language/Global Includes/motor7-stack-z.pmh:15:1: warning: "MOTOR" redefined
/var/ftp/usrflash/Project/PMAC Script Language/Global Includes/motor6-stack-y.pmh:14:1: warning: this is the location of the previous definition
/var/ftp/usrflash/Project/PMAC Script Language/Global Includes/motor7-stack-z.pmh:16:1: warning: "ENCODER" redefined
/var/ftp/usrflash/Project/PMAC Script Language/Global Includes/motor6-stack-y.pmh:15:1: warning: this is the location of the previous definition
/var/ftp/usrflash/Project/PMAC Script Language/Global Includes/motor7-stack-z.pmh:18:1: warning: "CHANNEL" redefined
/var/ftp/usrflash/Project/PMAC Script Language/Global Includes/motor6-stack-y.pmh:17:1: warning: this is the location of the previous definition
/var/ftp/usrflash/Project/PMAC Script Language/Global Includes/motor7-stack-z.pmh:19:1: warning: "LVCHANNEL" redefined
/var/ftp/usrflash/Project/PMAC Script Language/Global Includes/motor6-stack-y.pmh:18:1: warning: this is the location of the previous definition
/var/ftp/usrflash/Project/PMAC Script Language/Global Includes/motor7-stack-z.pmh:21:1: warning: "ECL" redefined
/var/ftp/usrflash/Project/PMAC Script Language/Global Includes/motor5-stack-x.pmh:20:1: warning: this is the location of the previous definition
/var/ftp/usrflash/Project/PMAC Script Language/Global Includes/motor7-stack-z.pmh:22:1: warning: "RES" redefined
/var/ftp/usrflash/Project/PMAC Script Language/Global Includes/motor5-stack-x.pmh:21:1: warning: this is the location of the previous definition
/var/ftp/usrflash/Project/PMAC Script Language/Global Includes/motor7-stack-z.pmh:26:1: warning: "PEAK_CURR" redefined
/var/ftp/usrflash/Project/PMAC Script Language/Global Includes/motor6-stack-y.pmh:24:1: warning: this is the location of the previous definition
/var/ftp/usrflash/Project/PMAC Script Language/Global Includes/motor7-stack-z.pmh:27:1: warning: "CONT_CURR" redefined
/var/ftp/usrflash/Project/PMAC Script Language/Global Includes/motor6-stack-y.pmh:25:1: warning: this is the location of the previous definition
/var/ftp/usrflash/Project/PMAC Script Language/Global Includes/motor7-stack-z.pmh:29:1: warning: "CTS_PER_UNIT" redefined
/var/ftp/usrflash/Project/PMAC Script Language/Global Includes/motor6-stack-y.pmh:28:1: warning: this is the location of the previous definition
/var/ftp/usrflash/Project/PMAC Script Language/Global Includes/motor7-stack-z.pmh:31:1: warning: "MAX_SPEED" redefined
/var/ftp/usrflash/Project/PMAC Script Language/Global Includes/motor6-stack-y.pmh:30:1: warning: this is the location of the previous definition
/var/ftp/usrflash/Project/PMAC Script Language/Global Includes/motor7-stack-z.pmh:32:1: warning: "JOG_SPEED" redefined
/var/ftp/usrflash/Project/PMAC Script Language/Global Includes/motor6-stack-y.pmh:31:1: warning: this is the location of the previous definition
/var/ftp/usrflash/Project/PMAC Script Language/Global Includes/motor7-stack-z.pmh:33:1: warning: "HOME_SPEED" redefined
/var/ftp/usrflash/Project/PMAC Script Language/Global Includes/motor6-stack-y.pmh:32:1: warning: this is the location of the previous definition
/var/ftp/usrflash/Project/PMAC Script Language/Global Includes/motor7-stack-z.pmh:36:1: warning: "PHASING_TIME" redefined
/var/ftp/usrflash/Project/PMAC Script Language/Global Includes/motor6-stack-y.pmh:35:1: warning: this is the location of the previous definition
/var/ftp/usrflash/Project/PMAC Script Language/Global Includes/motor8-shutter-rot.pmh:4:1: warning: "MOTOR" redefined
/var/ftp/usrflash/Project/PMAC Script Language/Global Includes/motor7-stack-z.pmh:15:1: warning: this is the location of the previous definition
/var/ftp/usrflash/Project/PMAC Script Language/Global Includes/motor8-shutter-rot.pmh:5:1: warning: "ENCODER" redefined
/var/ftp/usrflash/Project/PMAC Script Language/Global Includes/motor7-stack-z.pmh:16:1: warning: this is the location of the previous definition
/var/ftp/usrflash/Project/PMAC Script Language/Global Includes/motor8-shutter-rot.pmh:7:1: warning: "CHANNEL" redefined
/var/ftp/usrflash/Project/PMAC Script Language/Global Includes/motor7-stack-z.pmh:18:1: warning: this is the location of the previous definition
/var/ftp/usrflash/Project/PMAC Script Language/Global Includes/motor8-shutter-rot.pmh:8:1: warning: "LVCHANNEL" redefined
/var/ftp/usrflash/Project/PMAC Script Language/Global Includes/motor7-stack-z.pmh:19:1: warning: this is the location of the previous definition
Status: Create PPMAC Symbol Table & Run CPP Time (sec) = 0.184581
Status: Successful load of preprocessed File: "/var/ftp/usrflash/Temp/pp_proj.pma"
Status: Download to PPMAC Command Processor, Time (sec) = 0.007837
Status: Final pp_proj.h & Run Background C Apps, Time (sec) = 0.168833
Project Preprocessing & Load Total Time (sec) = 0.940622
Success in loading usralgo.ko
LoadRTUserCode() Delta Time (sec) = 0.814567
[PMAC_PROJECT]
Start of Project Loading using INI File: "/var/ftp/usrflash/Project/Configuration/pp_proj.ini"
Including Project File: /var/ftp/usrflash/Project/Configuration/pp_disable.txt 
Including Project File: /var/ftp/usrflash/Project/PMAC Script Language/Global Includes/global_definitions.pmh 
Including Project File: /var/ftp/usrflash/Project/PMAC Script Language/Global Includes/motor1-spindle.pmh 
Including Project File: /var/ftp/usrflash/Project/PMAC Script Language/Global Includes/motor2-shutter-x.pmh 
Including Project File: /var/ftp/usrflash/Project/PMAC Script Language/Global Includes/motor3-pin-y.pmh 
Including Project File: /var/ftp/usrflash/Project/PMAC Script Language/Global Includes/motor4-pin-z.pmh 
Including Project File: /var/ftp/usrflash/Project/PMAC Script Language/Global Includes/motor5-stack-x.pmh 
Including Project File: /var/ftp/usrflash/Project/PMAC Script Language/Global Includes/motor6-stack-y.pmh 
Including Project File: /var/ftp/usrflash/Project/PMAC Script Language/Global Includes/motor7-stack-z.pmh 
Including Project File: /var/ftp/usrflash/Project/PMAC Script Language/Global Includes/motor8-shutter-rot.pmh 
Including Project File: /var/ftp/usrflash/Project/PMAC Script Language/Libraries/home_fe.pmc 
Including Project File: /var/ftp/usrflash/Project/PMAC Script Language/Libraries/timer.pmc 
Including Project File: /var/ftp/usrflash/Project/PMAC Script Language/Motion Programs/osc.pmc 
Including Project File: /var/ftp/usrflash/Project/PMAC Script Language/Motion Programs/vector.pmc 
Including Project File: /var/ftp/usrflash/Project/PMAC Script Language/PLC Programs/plc8.plc 
Including Project File: /var/ftp/usrflash/Project/Configuration/pp_startup.txt 
Status: Pass 1 Create debug file, #defines, *.h & .sym files, Time (sec) = 0.054105
Status: Pass 2 Verify prog calls, local stack & labels, Time (sec)  = 0.005421
139 Project Symbols were created for gpascii -2 communication
/var/ftp/usrflash/Project/PMAC Script Language/Global Includes/motor2-shutter-x.pmh:5:1: warning: "MOTOR" redefined
/var/ftp/usrflash/Project/PMAC Script Language/Global Includes/motor1-spindle.pmh:4:1: warning: this is the location of the previous definition
/var/ftp/usrflash/Project/PMAC Script Language/Global Includes/motor2-shutter-x.pmh:6:1: warning: "ENCODER" redefined
/var/ftp/usrflash/Project/PMAC Script Language/Global Includes/motor1-spindle.pmh:5:1: warning: this is the location of the previous definition
/var/ftp/usrflash/Project/PMAC Script Language/Global Includes/motor2-shutter-x.pmh:8:1: warning: "CHANNEL" redefined
/var/ftp/usrflash/Project/PMAC Script Language/Global Includes/motor1-spindle.pmh:7:1: warning: this is the location of the previous definition
/var/ftp/usrflash/Project/PMAC Script Language/Global Includes/motor2-shutter-x.pmh:9:1: warning: "LVCHANNEL" redefined
/var/ftp/usrflash/Project/PMAC Script Language/Global Includes/motor1-spindle.pmh:8:1: warning: this is the location of the previous definition
/var/ftp/usrflash/Project/PMAC Script Language/Global Includes/motor2-shutter-x.pmh:13:1: warning: "MAX_SPEED" redefined
/var/ftp/usrflash/Project/PMAC Script Language/Global Includes/motor1-spindle.pmh:22:1: warning: this is the location of the previous definition
/var/ftp/usrflash/Project/PMAC Script Language/Global Includes/motor3-pin-y.pmh:5:1: warning: "MOTOR" redefined
/var/ftp/usrflash/Project/PMAC Script Language/Global Includes/motor2-shutter-x.pmh:5:1: warning: this is the location of the previous definition
/var/ftp/usrflash/Project/PMAC Script Language/Global Includes/motor3-pin-y.pmh:6:1: warning: "ENCODER" redefined
/var/ftp/usrflash/Project/PMAC Script Language/Global Includes/motor2-shutter-x.pmh:6:1: warning: this is the location of the previous definition
/var/ftp/usrflash/Project/PMAC Script Language/Global Includes/motor3-pin-y.pmh:8:1: warning: "CHANNEL" redefined
/var/ftp/usrflash/Project/PMAC Script Language/Global Includes/motor2-shutter-x.pmh:8:1: warning: this is the location of the previous definition
/var/ftp/usrflash/Project/PMAC Script Language/Global Includes/motor3-pin-y.pmh:9:1: warning: "LVCHANNEL" redefined
/var/ftp/usrflash/Project/PMAC Script Language/Global Includes/motor2-shutter-x.pmh:9:1: warning: this is the location of the previous definition
/var/ftp/usrflash/Project/PMAC Script Language/Global Includes/motor4-pin-z.pmh:5:1: warning: "MOTOR" redefined
/var/ftp/usrflash/Project/PMAC Script Language/Global Includes/motor3-pin-y.pmh:5:1: warning: this is the location of the previous definition
/var/ftp/usrflash/Project/PMAC Script Language/Global Includes/motor4-pin-z.pmh:6:1: warning: "ENCODER" redefined
/var/ftp/usrflash/Project/PMAC Script Language/Global Includes/motor3-pin-y.pmh:6:1: warning: this is the location of the previous definition
/var/ftp/usrflash/Project/PMAC Script Language/Global Includes/motor4-pin-z.pmh:8:1: warning: "CHANNEL" redefined
/var/ftp/usrflash/Project/PMAC Script Language/Global Includes/motor3-pin-y.pmh:8:1: warning: this is the location of the previous definition
/var/ftp/usrflash/Project/PMAC Script Language/Global Includes/motor4-pin-z.pmh:9:1: warning: "LVCHANNEL" redefined
/var/ftp/usrflash/Project/PMAC Script Language/Global Includes/motor3-pin-y.pmh:9:1: warning: this is the location of the previous definition
/var/ftp/usrflash/Project/PMAC Script Language/Global Includes/motor5-stack-x.pmh:14:1: warning: "MOTOR" redefined
/var/ftp/usrflash/Project/PMAC Script Language/Global Includes/motor4-pin-z.pmh:5:1: warning: this is the location of the previous definition
/var/ftp/usrflash/Project/PMAC Script Language/Global Includes/motor5-stack-x.pmh:15:1: warning: "ENCODER" redefined
/var/ftp/usrflash/Project/PMAC Script Language/Global Includes/motor4-pin-z.pmh:6:1: warning: this is the location of the previous definition
/var/ftp/usrflash/Project/PMAC Script Language/Global Includes/motor5-stack-x.pmh:16:1: warning: "GATE" redefined
/var/ftp/usrflash/Project/PMAC Script Language/Global Includes/motor4-pin-z.pmh:7:1: warning: this is the location of the previous definition
/var/ftp/usrflash/Project/PMAC Script Language/Global Includes/motor5-stack-x.pmh:17:1: warning: "CHANNEL" redefined
/var/ftp/usrflash/Project/PMAC Script Language/Global Includes/motor4-pin-z.pmh:8:1: warning: this is the location of the previous definition
/var/ftp/usrflash/Project/PMAC Script Language/Global Includes/motor5-stack-x.pmh:18:1: warning: "LVCHANNEL" redefined
/var/ftp/usrflash/Project/PMAC Script Language/Global Includes/motor4-pin-z.pmh:9:1: warning: this is the location of the previous definition
/var/ftp/usrflash/Project/PMAC Script Language/Global Includes/motor5-stack-x.pmh:25:1: warning: "PEAK_CURR" redefined
/var/ftp/usrflash/Project/PMAC Script Language/Global Includes/motor1-spindle.pmh:13:1: warning: this is the location of the previous definition
/var/ftp/usrflash/Project/PMAC Script Language/Global Includes/motor5-stack-x.pmh:26:1: warning: "CONT_CURR" redefined
/var/ftp/usrflash/Project/PMAC Script Language/Global Includes/motor1-spindle.pmh:14:1: warning: this is the location of the previous definition
/var/ftp/usrflash/Project/PMAC Script Language/Global Includes/motor5-stack-x.pmh:28:1: warning: "CTS_PER_UNIT" redefined
/var/ftp/usrflash/Project/PMAC Script Language/Global Includes/motor1-spindle.pmh:17:1: warning: this is the location of the previous definition
/var/ftp/usrflash/Project/PMAC Script Language/Global Includes/motor5-stack-x.pmh:30:1: warning: "MAX_SPEED" redefined
/var/ftp/usrflash/Project/PMAC Script Language/Global Includes/motor4-pin-z.pmh:13:1: warning: this is the location of the previous definition
/var/ftp/usrflash/Project/PMAC Script Language/Global Includes/motor5-stack-x.pmh:31:1: warning: "JOG_SPEED" redefined
/var/ftp/usrflash/Project/PMAC Script Language/Global Includes/motor1-spindle.pmh:23:1: warning: this is the location of the previous definition
/var/ftp/usrflash/Project/PMAC Script Language/Global Includes/motor5-stack-x.pmh:33:1: warning: "MAX_ACCEL" redefined
/var/ftp/usrflash/Project/PMAC Script Language/Global Includes/motor1-spindle.pmh:24:1: warning: this is the location of the previous definition
/var/ftp/usrflash/Project/PMAC Script Language/Global Includes/motor5-stack-x.pmh:35:1: warning: "PHASING_TIME" redefined
/var/ftp/usrflash/Project/PMAC Script Language/Global Includes/motor1-spindle.pmh:18:1: warning: this is the location of the previous definition
/var/ftp/usrflash/Project/PMAC Script Language/Global Includes/motor6-stack-y.pmh:14:1: warning: "MOTOR" redefined
/var/ftp/usrflash/Project/PMAC Script Language/Global Includes/motor5-stack-x.pmh:14:1: warning: this is the location of the previous definition
/var/ftp/usrflash/Project/PMAC Script Language/Global Includes/motor6-stack-y.pmh:15:1: warning: "ENCODER" redefined
/var/ftp/usrflash/Project/PMAC Script Language/Global Includes/motor5-stack-x.pmh:15:1: warning: this is the location of the previous definition
/var/ftp/usrflash/Project/PMAC Script Language/Global Includes/motor6-stack-y.pmh:17:1: warning: "CHANNEL" redefined
/var/ftp/usrflash/Project/PMAC Script Language/Global Includes/motor5-stack-x.pmh:17:1: warning: this is the location of the previous definition
/var/ftp/usrflash/Project/PMAC Script Language/Global Includes/motor6-stack-y.pmh:18:1: warning: "LVCHANNEL" redefined
/var/ftp/usrflash/Project/PMAC Script Language/Global Includes/motor5-stack-x.pmh:18:1: warning: this is the location of the previous definition
/var/ftp/usrflash/Project/PMAC Script Language/Global Includes/motor6-stack-y.pmh:24:1: warning: "PEAK_CURR" redefined
/var/ftp/usrflash/Project/PMAC Script Language/Global Includes/motor5-stack-x.pmh:25:1: warning: this is the location of the previous definition
/var/ftp/usrflash/Project/PMAC Script Language/Global Includes/motor6-stack-y.pmh:25:1: warning: "CONT_CURR" redefined
/var/ftp/usrflash/Project/PMAC Script Language/Global Includes/motor5-stack-x.pmh:26:1: warning: this is the location of the previous definition
/var/ftp/usrflash/Project/PMAC Script Language/Global Includes/motor6-stack-y.pmh:27:1: warning: "CTS_PER_REV" redefined
/var/ftp/usrflash/Project/PMAC Script Language/Global Includes/motor1-spindle.pmh:16:1: warning: this is the location of the previous definition
/var/ftp/usrflash/Project/PMAC Script Language/Global Includes/motor6-stack-y.pmh:28:1: warning: "CTS_PER_UNIT" redefined
/var/ftp/usrflash/Project/PMAC Script Language/Global Includes/motor5-stack-x.pmh:28:1: warning: this is the location of the previous definition
/var/ftp/usrflash/Project/PMAC Script Language/Global Includes/motor6-stack-y.pmh:32:1: warning: "HOME_SPEED" redefined
/var/ftp/usrflash/Project/PMAC Script Language/Global Includes/motor5-stack-x.pmh:32:1: warning: this is the location of the previous definition
/var/ftp/usrflash/Project/PMAC Script Language/Global Includes/motor6-stack-y.pmh:35:1: warning: "PHASING_TIME" redefined
/var/ftp/usrflash/Project/PMAC Script Language/Global Includes/motor5-stack-x.pmh:35:1: warning: this is the location of the previous definition
/var/ftp/usrflash/Project/PMAC Script Language/Global Includes/motor7-stack-z.pmh:15:1: warning: "MOTOR" redefined
/var/ftp/usrflash/Project/PMAC Script Language/Global Includes/motor6-stack-y.pmh:14:1: warning: this is the location of the previous definition
/var/ftp/usrflash/Project/PMAC Script Language/Global Includes/motor7-stack-z.pmh:16:1: warning: "ENCODER" redefined
/var/ftp/usrflash/Project/PMAC Script Language/Global Includes/motor6-stack-y.pmh:15:1: warning: this is the location of the previous definition
/var/ftp/usrflash/Project/PMAC Script Language/Global Includes/motor7-stack-z.pmh:18:1: warning: "CHANNEL" redefined
/var/ftp/usrflash/Project/PMAC Script Language/Global Includes/motor6-stack-y.pmh:17:1: warning: this is the location of the previous definition
/var/ftp/usrflash/Project/PMAC Script Language/Global Includes/motor7-stack-z.pmh:19:1: warning: "LVCHANNEL" redefined
/var/ftp/usrflash/Project/PMAC Script Language/Global Includes/motor6-stack-y.pmh:18:1: warning: this is the location of the previous definition
/var/ftp/usrflash/Project/PMAC Script Language/Global Includes/motor7-stack-z.pmh:21:1: warning: "ECL" redefined
/var/ftp/usrflash/Project/PMAC Script Language/Global Includes/motor5-stack-x.pmh:20:1: warning: this is the location of the previous definition
/var/ftp/usrflash/Project/PMAC Script Language/Global Includes/motor7-stack-z.pmh:22:1: warning: "RES" redefined
/var/ftp/usrflash/Project/PMAC Script Language/Global Includes/motor5-stack-x.pmh:21:1: warning: this is the location of the previous definition
/var/ftp/usrflash/Project/PMAC Script Language/Global Includes/motor7-stack-z.pmh:26:1: warning: "PEAK_CURR" redefined
/var/ftp/usrflash/Project/PMAC Script Language/Global Includes/motor6-stack-y.pmh:24:1: warning: this is the location of the previous definition
/var/ftp/usrflash/Project/PMAC Script Language/Global Includes/motor7-stack-z.pmh:27:1: warning: "CONT_CURR" redefined
/var/ftp/usrflash/Project/PMAC Script Language/Global Includes/motor6-stack-y.pmh:25:1: warning: this is the location of the previous definition
/var/ftp/usrflash/Project/PMAC Script Language/Global Includes/motor7-stack-z.pmh:29:1: warning: "CTS_PER_UNIT" redefined
/var/ftp/usrflash/Project/PMAC Script Language/Global Includes/motor6-stack-y.pmh:28:1: warning: this is the location of the previous definition
/var/ftp/usrflash/Project/PMAC Script Language/Global Includes/motor7-stack-z.pmh:31:1: warning: "MAX_SPEED" redefined
/var/ftp/usrflash/Project/PMAC Script Language/Global Includes/motor6-stack-y.pmh:30:1: warning: this is the location of the previous definition
/var/ftp/usrflash/Project/PMAC Script Language/Global Includes/motor7-stack-z.pmh:32:1: warning: "JOG_SPEED" redefined
/var/ftp/usrflash/Project/PMAC Script Language/Global Includes/motor6-stack-y.pmh:31:1: warning: this is the location of the previous definition
/var/ftp/usrflash/Project/PMAC Script Language/Global Includes/motor7-stack-z.pmh:33:1: warning: "HOME_SPEED" redefined
/var/ftp/usrflash/Project/PMAC Script Language/Global Includes/motor6-stack-y.pmh:32:1: warning: this is the location of the previous definition
/var/ftp/usrflash/Project/PMAC Script Language/Global Includes/motor7-stack-z.pmh:36:1: warning: "PHASING_TIME" redefined
/var/ftp/usrflash/Project/PMAC Script Language/Global Includes/motor6-stack-y.pmh:35:1: warning: this is the location of the previous definition
/var/ftp/usrflash/Project/PMAC Script Language/Global Includes/motor8-shutter-rot.pmh:4:1: warning: "MOTOR" redefined
/var/ftp/usrflash/Project/PMAC Script Language/Global Includes/motor7-stack-z.pmh:15:1: warning: this is the location of the previous definition
/var/ftp/usrflash/Project/PMAC Script Language/Global Includes/motor8-shutter-rot.pmh:5:1: warning: "ENCODER" redefined
/var/ftp/usrflash/Project/PMAC Script Language/Global Includes/motor7-stack-z.pmh:16:1: warning: this is the location of the previous definition
/var/ftp/usrflash/Project/PMAC Script Language/Global Includes/motor8-shutter-rot.pmh:7:1: warning: "CHANNEL" redefined
/var/ftp/usrflash/Project/PMAC Script Language/Global Includes/motor7-stack-z.pmh:18:1: warning: this is the location of the previous definition
/var/ftp/usrflash/Project/PMAC Script Language/Global Includes/motor8-shutter-rot.pmh:8:1: warning: "LVCHANNEL" redefined
/var/ftp/usrflash/Project/PMAC Script Language/Global Includes/motor7-stack-z.pmh:19:1: warning: this is the location of the previous definition
Status: Create PPMAC Symbol Table & Run CPP Time (sec) = 0.225470
Status: Successful load of preprocessed File: "/var/ftp/usrflash/Temp/pp_proj.pma"
Status: Download to PPMAC Command Processor, Time (sec) = 0.007794
Status: Final pp_proj.h & Run Background C Apps, Time (sec) = 0.165526
Project Preprocessing & Load Total Time (sec) = 1.273368
Success in loading usralgo.ko
LoadRTUserCode() Delta Time (sec) = 0.828207
[PMAC_PROJECT]
Start of Project Loading using INI File: "/var/ftp/usrflash/Project/Configuration/pp_proj.ini"
Including Project File: /var/ftp/usrflash/Project/Configuration/pp_disable.txt 
Including Project File: /var/ftp/usrflash/Project/PMAC Script Language/Global Includes/global_definitions.pmh 
Including Project File: /var/ftp/usrflash/Project/PMAC Script Language/Global Includes/motor1-spindle.pmh 
Including Project File: /var/ftp/usrflash/Project/PMAC Script Language/Global Includes/motor2-shutter-x.pmh 
Including Project File: /var/ftp/usrflash/Project/PMAC Script Language/Global Includes/motor3-pin-y.pmh 
Including Project File: /var/ftp/usrflash/Project/PMAC Script Language/Global Includes/motor4-pin-z.pmh 
Including Project File: /var/ftp/usrflash/Project/PMAC Script Language/Global Includes/motor5-stack-x.pmh 
Including Project File: /var/ftp/usrflash/Project/PMAC Script Language/Global Includes/motor6-stack-y.pmh 
Including Project File: /var/ftp/usrflash/Project/PMAC Script Language/Global Includes/motor7-stack-z.pmh 
Including Project File: /var/ftp/usrflash/Project/PMAC Script Language/Global Includes/motor8-shutter-rot.pmh 
Including Project File: /var/ftp/usrflash/Project/PMAC Script Language/Libraries/home_fe.pmc 
Including Project File: /var/ftp/usrflash/Project/PMAC Script Language/Libraries/timer.pmc 
Including Project File: /var/ftp/usrflash/Project/PMAC Script Language/Motion Programs/osc.pmc 
Including Project File: /var/ftp/usrflash/Project/PMAC Script Language/Motion Programs/vector.pmc 
Including Project File: /var/ftp/usrflash/Project/PMAC Script Language/PLC Programs/plc8.plc 
Including Project File: /var/ftp/usrflash/Project/Configuration/pp_startup.txt 
Status: Pass 1 Create debug file, #defines, *.h & .sym files, Time (sec) = 0.055074
Status: Pass 2 Verify prog calls, local stack & labels, Time (sec)  = 0.005300
139 Project Symbols were created for gpascii -2 communication
/var/ftp/usrflash/Project/PMAC Script Language/Global Includes/motor2-shutter-x.pmh:5:1: warning: "MOTOR" redefined
/var/ftp/usrflash/Project/PMAC Script Language/Global Includes/motor1-spindle.pmh:4:1: warning: this is the location of the previous definition
/var/ftp/usrflash/Project/PMAC Script Language/Global Includes/motor2-shutter-x.pmh:6:1: warning: "ENCODER" redefined
/var/ftp/usrflash/Project/PMAC Script Language/Global Includes/motor1-spindle.pmh:5:1: warning: this is the location of the previous definition
/var/ftp/usrflash/Project/PMAC Script Language/Global Includes/motor2-shutter-x.pmh:8:1: warning: "CHANNEL" redefined
/var/ftp/usrflash/Project/PMAC Script Language/Global Includes/motor1-spindle.pmh:7:1: warning: this is the location of the previous definition
/var/ftp/usrflash/Project/PMAC Script Language/Global Includes/motor2-shutter-x.pmh:9:1: warning: "LVCHANNEL" redefined
/var/ftp/usrflash/Project/PMAC Script Language/Global Includes/motor1-spindle.pmh:8:1: warning: this is the location of the previous definition
/var/ftp/usrflash/Project/PMAC Script Language/Global Includes/motor2-shutter-x.pmh:13:1: warning: "MAX_SPEED" redefined
/var/ftp/usrflash/Project/PMAC Script Language/Global Includes/motor1-spindle.pmh:22:1: warning: this is the location of the previous definition
/var/ftp/usrflash/Project/PMAC Script Language/Global Includes/motor3-pin-y.pmh:5:1: warning: "MOTOR" redefined
/var/ftp/usrflash/Project/PMAC Script Language/Global Includes/motor2-shutter-x.pmh:5:1: warning: this is the location of the previous definition
/var/ftp/usrflash/Project/PMAC Script Language/Global Includes/motor3-pin-y.pmh:6:1: warning: "ENCODER" redefined
/var/ftp/usrflash/Project/PMAC Script Language/Global Includes/motor2-shutter-x.pmh:6:1: warning: this is the location of the previous definition
/var/ftp/usrflash/Project/PMAC Script Language/Global Includes/motor3-pin-y.pmh:8:1: warning: "CHANNEL" redefined
/var/ftp/usrflash/Project/PMAC Script Language/Global Includes/motor2-shutter-x.pmh:8:1: warning: this is the location of the previous definition
/var/ftp/usrflash/Project/PMAC Script Language/Global Includes/motor3-pin-y.pmh:9:1: warning: "LVCHANNEL" redefined
/var/ftp/usrflash/Project/PMAC Script Language/Global Includes/motor2-shutter-x.pmh:9:1: warning: this is the location of the previous definition
/var/ftp/usrflash/Project/PMAC Script Language/Global Includes/motor4-pin-z.pmh:5:1: warning: "MOTOR" redefined
/var/ftp/usrflash/Project/PMAC Script Language/Global Includes/motor3-pin-y.pmh:5:1: warning: this is the location of the previous definition
/var/ftp/usrflash/Project/PMAC Script Language/Global Includes/motor4-pin-z.pmh:6:1: warning: "ENCODER" redefined
/var/ftp/usrflash/Project/PMAC Script Language/Global Includes/motor3-pin-y.pmh:6:1: warning: this is the location of the previous definition
/var/ftp/usrflash/Project/PMAC Script Language/Global Includes/motor4-pin-z.pmh:8:1: warning: "CHANNEL" redefined
/var/ftp/usrflash/Project/PMAC Script Language/Global Includes/motor3-pin-y.pmh:8:1: warning: this is the location of the previous definition
/var/ftp/usrflash/Project/PMAC Script Language/Global Includes/motor4-pin-z.pmh:9:1: warning: "LVCHANNEL" redefined
/var/ftp/usrflash/Project/PMAC Script Language/Global Includes/motor3-pin-y.pmh:9:1: warning: this is the location of the previous definition
/var/ftp/usrflash/Project/PMAC Script Language/Global Includes/motor5-stack-x.pmh:14:1: warning: "MOTOR" redefined
/var/ftp/usrflash/Project/PMAC Script Language/Global Includes/motor4-pin-z.pmh:5:1: warning: this is the location of the previous definition
/var/ftp/usrflash/Project/PMAC Script Language/Global Includes/motor5-stack-x.pmh:15:1: warning: "ENCODER" redefined
/var/ftp/usrflash/Project/PMAC Script Language/Global Includes/motor4-pin-z.pmh:6:1: warning: this is the location of the previous definition
/var/ftp/usrflash/Project/PMAC Script Language/Global Includes/motor5-stack-x.pmh:16:1: warning: "GATE" redefined
/var/ftp/usrflash/Project/PMAC Script Language/Global Includes/motor4-pin-z.pmh:7:1: warning: this is the location of the previous definition
/var/ftp/usrflash/Project/PMAC Script Language/Global Includes/motor5-stack-x.pmh:17:1: warning: "CHANNEL" redefined
/var/ftp/usrflash/Project/PMAC Script Language/Global Includes/motor4-pin-z.pmh:8:1: warning: this is the location of the previous definition
/var/ftp/usrflash/Project/PMAC Script Language/Global Includes/motor5-stack-x.pmh:18:1: warning: "LVCHANNEL" redefined
/var/ftp/usrflash/Project/PMAC Script Language/Global Includes/motor4-pin-z.pmh:9:1: warning: this is the location of the previous definition
/var/ftp/usrflash/Project/PMAC Script Language/Global Includes/motor5-stack-x.pmh:25:1: warning: "PEAK_CURR" redefined
/var/ftp/usrflash/Project/PMAC Script Language/Global Includes/motor1-spindle.pmh:13:1: warning: this is the location of the previous definition
/var/ftp/usrflash/Project/PMAC Script Language/Global Includes/motor5-stack-x.pmh:26:1: warning: "CONT_CURR" redefined
/var/ftp/usrflash/Project/PMAC Script Language/Global Includes/motor1-spindle.pmh:14:1: warning: this is the location of the previous definition
/var/ftp/usrflash/Project/PMAC Script Language/Global Includes/motor5-stack-x.pmh:28:1: warning: "CTS_PER_UNIT" redefined
/var/ftp/usrflash/Project/PMAC Script Language/Global Includes/motor1-spindle.pmh:17:1: warning: this is the location of the previous definition
/var/ftp/usrflash/Project/PMAC Script Language/Global Includes/motor5-stack-x.pmh:30:1: warning: "MAX_SPEED" redefined
/var/ftp/usrflash/Project/PMAC Script Language/Global Includes/motor4-pin-z.pmh:13:1: warning: this is the location of the previous definition
/var/ftp/usrflash/Project/PMAC Script Language/Global Includes/motor5-stack-x.pmh:31:1: warning: "JOG_SPEED" redefined
/var/ftp/usrflash/Project/PMAC Script Language/Global Includes/motor1-spindle.pmh:23:1: warning: this is the location of the previous definition
/var/ftp/usrflash/Project/PMAC Script Language/Global Includes/motor5-stack-x.pmh:33:1: warning: "MAX_ACCEL" redefined
/var/ftp/usrflash/Project/PMAC Script Language/Global Includes/motor1-spindle.pmh:24:1: warning: this is the location of the previous definition
/var/ftp/usrflash/Project/PMAC Script Language/Global Includes/motor5-stack-x.pmh:35:1: warning: "PHASING_TIME" redefined
/var/ftp/usrflash/Project/PMAC Script Language/Global Includes/motor1-spindle.pmh:18:1: warning: this is the location of the previous definition
/var/ftp/usrflash/Project/PMAC Script Language/Global Includes/motor6-stack-y.pmh:14:1: warning: "MOTOR" redefined
/var/ftp/usrflash/Project/PMAC Script Language/Global Includes/motor5-stack-x.pmh:14:1: warning: this is the location of the previous definition
/var/ftp/usrflash/Project/PMAC Script Language/Global Includes/motor6-stack-y.pmh:15:1: warning: "ENCODER" redefined
/var/ftp/usrflash/Project/PMAC Script Language/Global Includes/motor5-stack-x.pmh:15:1: warning: this is the location of the previous definition
/var/ftp/usrflash/Project/PMAC Script Language/Global Includes/motor6-stack-y.pmh:17:1: warning: "CHANNEL" redefined
/var/ftp/usrflash/Project/PMAC Script Language/Global Includes/motor5-stack-x.pmh:17:1: warning: this is the location of the previous definition
/var/ftp/usrflash/Project/PMAC Script Language/Global Includes/motor6-stack-y.pmh:18:1: warning: "LVCHANNEL" redefined
/var/ftp/usrflash/Project/PMAC Script Language/Global Includes/motor5-stack-x.pmh:18:1: warning: this is the location of the previous definition
/var/ftp/usrflash/Project/PMAC Script Language/Global Includes/motor6-stack-y.pmh:24:1: warning: "PEAK_CURR" redefined
/var/ftp/usrflash/Project/PMAC Script Language/Global Includes/motor5-stack-x.pmh:25:1: warning: this is the location of the previous definition
/var/ftp/usrflash/Project/PMAC Script Language/Global Includes/motor6-stack-y.pmh:25:1: warning: "CONT_CURR" redefined
/var/ftp/usrflash/Project/PMAC Script Language/Global Includes/motor5-stack-x.pmh:26:1: warning: this is the location of the previous definition
/var/ftp/usrflash/Project/PMAC Script Language/Global Includes/motor6-stack-y.pmh:27:1: warning: "CTS_PER_REV" redefined
/var/ftp/usrflash/Project/PMAC Script Language/Global Includes/motor1-spindle.pmh:16:1: warning: this is the location of the previous definition
/var/ftp/usrflash/Project/PMAC Script Language/Global Includes/motor6-stack-y.pmh:28:1: warning: "CTS_PER_UNIT" redefined
/var/ftp/usrflash/Project/PMAC Script Language/Global Includes/motor5-stack-x.pmh:28:1: warning: this is the location of the previous definition
/var/ftp/usrflash/Project/PMAC Script Language/Global Includes/motor6-stack-y.pmh:32:1: warning: "HOME_SPEED" redefined
/var/ftp/usrflash/Project/PMAC Script Language/Global Includes/motor5-stack-x.pmh:32:1: warning: this is the location of the previous definition
/var/ftp/usrflash/Project/PMAC Script Language/Global Includes/motor6-stack-y.pmh:35:1: warning: "PHASING_TIME" redefined
/var/ftp/usrflash/Project/PMAC Script Language/Global Includes/motor5-stack-x.pmh:35:1: warning: this is the location of the previous definition
/var/ftp/usrflash/Project/PMAC Script Language/Global Includes/motor7-stack-z.pmh:15:1: warning: "MOTOR" redefined
/var/ftp/usrflash/Project/PMAC Script Language/Global Includes/motor6-stack-y.pmh:14:1: warning: this is the location of the previous definition
/var/ftp/usrflash/Project/PMAC Script Language/Global Includes/motor7-stack-z.pmh:16:1: warning: "ENCODER" redefined
/var/ftp/usrflash/Project/PMAC Script Language/Global Includes/motor6-stack-y.pmh:15:1: warning: this is the location of the previous definition
/var/ftp/usrflash/Project/PMAC Script Language/Global Includes/motor7-stack-z.pmh:18:1: warning: "CHANNEL" redefined
/var/ftp/usrflash/Project/PMAC Script Language/Global Includes/motor6-stack-y.pmh:17:1: warning: this is the location of the previous definition
/var/ftp/usrflash/Project/PMAC Script Language/Global Includes/motor7-stack-z.pmh:19:1: warning: "LVCHANNEL" redefined
/var/ftp/usrflash/Project/PMAC Script Language/Global Includes/motor6-stack-y.pmh:18:1: warning: this is the location of the previous definition
/var/ftp/usrflash/Project/PMAC Script Language/Global Includes/motor7-stack-z.pmh:21:1: warning: "ECL" redefined
/var/ftp/usrflash/Project/PMAC Script Language/Global Includes/motor5-stack-x.pmh:20:1: warning: this is the location of the previous definition
/var/ftp/usrflash/Project/PMAC Script Language/Global Includes/motor7-stack-z.pmh:22:1: warning: "RES" redefined
/var/ftp/usrflash/Project/PMAC Script Language/Global Includes/motor5-stack-x.pmh:21:1: warning: this is the location of the previous definition
/var/ftp/usrflash/Project/PMAC Script Language/Global Includes/motor7-stack-z.pmh:26:1: warning: "PEAK_CURR" redefined
/var/ftp/usrflash/Project/PMAC Script Language/Global Includes/motor6-stack-y.pmh:24:1: warning: this is the location of the previous definition
/var/ftp/usrflash/Project/PMAC Script Language/Global Includes/motor7-stack-z.pmh:27:1: warning: "CONT_CURR" redefined
/var/ftp/usrflash/Project/PMAC Script Language/Global Includes/motor6-stack-y.pmh:25:1: warning: this is the location of the previous definition
/var/ftp/usrflash/Project/PMAC Script Language/Global Includes/motor7-stack-z.pmh:29:1: warning: "CTS_PER_UNIT" redefined
/var/ftp/usrflash/Project/PMAC Script Language/Global Includes/motor6-stack-y.pmh:28:1: warning: this is the location of the previous definition
/var/ftp/usrflash/Project/PMAC Script Language/Global Includes/motor7-stack-z.pmh:31:1: warning: "MAX_SPEED" redefined
/var/ftp/usrflash/Project/PMAC Script Language/Global Includes/motor6-stack-y.pmh:30:1: warning: this is the location of the previous definition
/var/ftp/usrflash/Project/PMAC Script Language/Global Includes/motor7-stack-z.pmh:32:1: warning: "JOG_SPEED" redefined
/var/ftp/usrflash/Project/PMAC Script Language/Global Includes/motor6-stack-y.pmh:31:1: warning: this is the location of the previous definition
/var/ftp/usrflash/Project/PMAC Script Language/Global Includes/motor7-stack-z.pmh:33:1: warning: "HOME_SPEED" redefined
/var/ftp/usrflash/Project/PMAC Script Language/Global Includes/motor6-stack-y.pmh:32:1: warning: this is the location of the previous definition
/var/ftp/usrflash/Project/PMAC Script Language/Global Includes/motor7-stack-z.pmh:36:1: warning: "PHASING_TIME" redefined
/var/ftp/usrflash/Project/PMAC Script Language/Global Includes/motor6-stack-y.pmh:35:1: warning: this is the location of the previous definition
/var/ftp/usrflash/Project/PMAC Script Language/Global Includes/motor8-shutter-rot.pmh:4:1: warning: "MOTOR" redefined
/var/ftp/usrflash/Project/PMAC Script Language/Global Includes/motor7-stack-z.pmh:15:1: warning: this is the location of the previous definition
/var/ftp/usrflash/Project/PMAC Script Language/Global Includes/motor8-shutter-rot.pmh:5:1: warning: "ENCODER" redefined
/var/ftp/usrflash/Project/PMAC Script Language/Global Includes/motor7-stack-z.pmh:16:1: warning: this is the location of the previous definition
/var/ftp/usrflash/Project/PMAC Script Language/Global Includes/motor8-shutter-rot.pmh:7:1: warning: "CHANNEL" redefined
/var/ftp/usrflash/Project/PMAC Script Language/Global Includes/motor7-stack-z.pmh:18:1: warning: this is the location of the previous definition
/var/ftp/usrflash/Project/PMAC Script Language/Global Includes/motor8-shutter-rot.pmh:8:1: warning: "LVCHANNEL" redefined
/var/ftp/usrflash/Project/PMAC Script Language/Global Includes/motor7-stack-z.pmh:19:1: warning: this is the location of the previous definition
Status: Create PPMAC Symbol Table & Run CPP Time (sec) = 0.226789
Status: Successful load of preprocessed File: "/var/ftp/usrflash/Temp/pp_proj.pma"
Status: Download to PPMAC Command Processor, Time (sec) = 0.008501
Status: Final pp_proj.h & Run Background C Apps, Time (sec) = 0.167599
Project Preprocessing & Load Total Time (sec) = 1.291961
